<?xml version="1.0" encoding="UTF-8"?>
<!-- Generated by org.testng.reporters.JUnitReportReporter -->
<testsuite hostname="surendra" failures="0" tests="1" name="Programs.FaceBookLogintest" time="11.085" errors="0" timestamp="14 Mar 2018 12:17:35 GMT" skipped="0">
  <testcase classname="Programs.FaceBookLogintest" name="LoginCheck" time="11.085"/>
</testsuite> <!-- Programs.FaceBookLogintest -->
