<?xml version="1.0" encoding="UTF-8"?>
<!-- Generated by org.testng.reporters.JUnitReportReporter -->
<testsuite hostname="surendra" failures="0" tests="1" name="Programs.ListHandling" time="13.424" errors="0" timestamp="19 Mar 2018 08:08:39 GMT" skipped="0">
  <testcase classname="Programs.ListHandling" name="f" time="13.424"/>
</testsuite> <!-- Programs.ListHandling -->
