<?xml version="1.0" encoding="UTF-8"?>
<!-- Generated by org.testng.reporters.JUnitReportReporter -->
<testsuite hostname="surendra" failures="0" tests="2" name="Programs.FlipkartTest" time="102.527" errors="0" timestamp="14 Mar 2018 12:17:35 GMT" skipped="0">
  <testcase classname="Programs.FlipkartTest" name="LaunchBrowser" time="85.175"/>
  <testcase classname="Programs.FlipkartTest" name="ClosePopUp" time="17.352"/>
</testsuite> <!-- Programs.FlipkartTest -->
