<?xml version="1.0" encoding="UTF-8"?>
<!-- Generated by org.testng.reporters.JUnitReportReporter -->
<testsuite hostname="surendra" failures="0" tests="2" name="Programs.FlipkartTest" time="35.095" errors="0" timestamp="13 Mar 2018 18:02:57 GMT" skipped="0">
  <testcase classname="Programs.FlipkartTest" name="LaunchBrowser" time="31.385"/>
  <testcase classname="Programs.FlipkartTest" name="ClosePopUp" time="3.710"/>
</testsuite> <!-- Programs.FlipkartTest -->
