<?xml version="1.0" encoding="UTF-8"?>
<!-- Generated by org.testng.reporters.JUnitReportReporter -->
<testsuite hostname="surendra" failures="0" tests="1" name="Programs.FaceBookLogintest" time="5.121" errors="0" timestamp="13 Mar 2018 18:02:57 GMT" skipped="0">
  <testcase classname="Programs.FaceBookLogintest" name="LoginCheck" time="5.121"/>
</testsuite> <!-- Programs.FaceBookLogintest -->
