<?xml version="1.0" encoding="UTF-8"?>
<!-- Generated by org.testng.reporters.JUnitReportReporter -->
<testsuite hostname="surendra" failures="0" tests="2" name="Programs.BestBuy" time="155.393" errors="0" timestamp="14 Mar 2018 13:58:05 GMT" skipped="0">
  <testcase classname="Programs.BestBuy" name="FlipkartAddtoCart" time="43.188"/>
  <testcase classname="Programs.BestBuy" name="BestBuyAddtoCart" time="112.205"/>
</testsuite> <!-- Programs.BestBuy -->
