<?xml version="1.0" encoding="UTF-8"?>
<!-- Generated by org.testng.reporters.JUnitReportReporter -->
<testsuite hostname="surendra" failures="0" tests="2" name="Programs.BestBuy" time="123.317" errors="0" timestamp="15 Mar 2018 08:52:17 GMT" skipped="0">
  <testcase classname="Programs.BestBuy" name="BestBuyAddtoCart" time="91.446"/>
  <testcase classname="Programs.BestBuy" name="FlipkartAddtoCart" time="31.871"/>
</testsuite> <!-- Programs.BestBuy -->
